<?xml version="1.0" encoding="UTF-8"?>
<!-- Generated by org.testng.reporters.JUnitXMLReporter -->
<testsuite ignored="0" hostname="LWO1-LDL-A11632" failures="0" tests="6" name="Surefire test" time="31.757" errors="0" timestamp="2023-02-16T16:37:30 EET">
  <testcase classname="API_Tests.apiTest" name="testUsers" time="4.867"/>
  <testcase classname="UI_Tests.uiTests" name="calcDivideTest" time="18.929"/>
  <testcase classname="UI_Tests.uiTests" name="calcMinusTest" time="2.516"/>
  <testcase classname="UI_Tests.uiTests" name="calcMultiplyTest" time="1.247"/>
  <testcase classname="UI_Tests.uiTests" name="calcPlusTest" time="1.003"/>
  <testcase classname="UI_Tests.uiTests" name="calcPlusTest2" time="1.047"/>
</testsuite> <!-- Surefire test -->
