<?xml version="1.0" encoding="UTF-8"?>
<testng-results ignored="0" total="6" passed="6" failed="0" skipped="0">
  <reporter-output>
  </reporter-output>
  <suite started-at="2023-02-16T16:36:58 EET" name="Surefire suite" finished-at="2023-02-16T16:37:30 EET" duration-ms="31757">
    <groups>
    </groups>
    <test started-at="2023-02-16T16:36:58 EET" name="Surefire test" finished-at="2023-02-16T16:37:30 EET" duration-ms="31757">
      <class name="API_Tests.apiTest">
        <test-method signature="testUsers()[pri:0, instance:API_Tests.apiTest@236134a1]" started-at="2023-02-16T16:37:00 EET" name="testUsers" finished-at="2023-02-16T16:37:05 EET" duration-ms="4867" status="PASS">
          <reporter-output>
          </reporter-output>
        </test-method> <!-- testUsers -->
      </class> <!-- API_Tests.apiTest -->
      <class name="UI_Tests.uiTests">
        <test-method is-config="true" signature="init()[pri:0, instance:UI_Tests.uiTests@7e2f86e6]" started-at="2023-02-16T16:36:58 EET" name="init" finished-at="2023-02-16T16:37:00 EET" duration-ms="1751" status="PASS">
          <reporter-output>
          </reporter-output>
        </test-method> <!-- init -->
        <test-method signature="calcDivideTest()[pri:0, instance:UI_Tests.uiTests@7e2f86e6]" started-at="2023-02-16T16:37:05 EET" name="calcDivideTest" finished-at="2023-02-16T16:37:24 EET" duration-ms="18929" status="PASS">
          <reporter-output>
          </reporter-output>
        </test-method> <!-- calcDivideTest -->
        <test-method signature="calcMinusTest()[pri:0, instance:UI_Tests.uiTests@7e2f86e6]" started-at="2023-02-16T16:37:24 EET" name="calcMinusTest" finished-at="2023-02-16T16:37:26 EET" duration-ms="2516" status="PASS">
          <reporter-output>
          </reporter-output>
        </test-method> <!-- calcMinusTest -->
        <test-method signature="calcMultiplyTest()[pri:0, instance:UI_Tests.uiTests@7e2f86e6]" started-at="2023-02-16T16:37:26 EET" name="calcMultiplyTest" finished-at="2023-02-16T16:37:27 EET" duration-ms="1247" status="PASS">
          <reporter-output>
          </reporter-output>
        </test-method> <!-- calcMultiplyTest -->
        <test-method signature="calcPlusTest()[pri:0, instance:UI_Tests.uiTests@7e2f86e6]" started-at="2023-02-16T16:37:27 EET" name="calcPlusTest" finished-at="2023-02-16T16:37:28 EET" duration-ms="1003" status="PASS">
          <reporter-output>
          </reporter-output>
        </test-method> <!-- calcPlusTest -->
        <test-method signature="calcPlusTest2()[pri:0, instance:UI_Tests.uiTests@7e2f86e6]" started-at="2023-02-16T16:37:28 EET" name="calcPlusTest2" finished-at="2023-02-16T16:37:29 EET" duration-ms="1047" status="PASS">
          <reporter-output>
          </reporter-output>
        </test-method> <!-- calcPlusTest2 -->
        <test-method is-config="true" signature="shutDown()[pri:0, instance:UI_Tests.uiTests@7e2f86e6]" started-at="2023-02-16T16:37:29 EET" name="shutDown" finished-at="2023-02-16T16:37:30 EET" duration-ms="156" status="PASS">
          <reporter-output>
          </reporter-output>
        </test-method> <!-- shutDown -->
      </class> <!-- UI_Tests.uiTests -->
    </test> <!-- Surefire test -->
  </suite> <!-- Surefire suite -->
</testng-results>
